worker starting .....
worker starting .....
###########################
check:workerId->0
time:1463826416
request number:0
total request number:0
###########################

###########################
check:workerId->1
time:1463826416
request number:0
total request number:0
###########################

###########################
check:workerId->0
time:1463826426
request number:0
total request number:0
###########################

###########################
check:workerId->1
time:1463826426
request number:0
total request number:0
###########################

###########################
check:workerId->0
time:1463826436
request number:0
total request number:0
###########################

###########################
check:workerId->1
time:1463826436
request number:0
total request number:0
###########################

###########################
check:workerId->1
time:1463826446
request number:0
total request number:0
###########################

###########################
check:workerId->0
time:1463826446
request number:0
total request number:0
###########################

###########################
check:workerId->1
time:1463826456
request number:0
total request number:0
###########################

###########################
check:workerId->0
time:1463826456
request number:0
total request number:0
###########################

###########################
check:workerId->0
time:1463826466
request number:0
total request number:0
###########################

###########################
check:workerId->1
time:1463826466
request number:0
total request number:0
###########################

###########################
check:workerId->0
time:1463826476
request number:0
total request number:0
###########################

###########################
check:workerId->1
time:1463826476
request number:0
total request number:0
###########################

###########################
check:workerId->0
time:1463826486
request number:0
total request number:0
###########################

###########################
check:workerId->1
time:1463826486
request number:0
total request number:0
###########################

###########################
check:workerId->1
time:1463826496
request number:0
total request number:0
###########################

###########################
check:workerId->0
time:1463826496
request number:0
total request number:0
###########################

###########################
check:workerId->0
time:1463826506
request number:0
total request number:0
###########################

###########################
check:workerId->1
time:1463826506
request number:0
total request number:0
###########################

###########################
check:workerId->0
time:1463826516
request number:0
total request number:0
###########################

###########################
check:workerId->1
time:1463826516
request number:0
total request number:0
###########################

###########################
check:workerId->1
time:1463826526
request number:0
total request number:0
###########################

###########################
check:workerId->0
time:1463826526
request number:0
total request number:0
###########################

###########################
check:workerId->0
time:1463826536
request number:0
total request number:0
###########################

###########################
check:workerId->1
time:1463826536
request number:0
total request number:0
###########################

###########################
check:workerId->0
time:1463826546
request number:0
total request number:0
###########################

###########################
check:workerId->1
time:1463826546
request number:0
total request number:0
###########################

###########################
check:workerId->1
time:1463826556
request number:0
total request number:0
###########################

###########################
check:workerId->0
time:1463826556
request number:0
total request number:0
###########################

###########################
check:workerId->0
time:1463826566
request number:0
total request number:0
###########################

###########################
check:workerId->1
time:1463826566
request number:0
total request number:0
###########################

